CRITICAL - 2023-03-11 05:56:38 --> A non-numeric value encountered
in APPPATH\Controllers\Web\Dashboard.php on line 684.
 1 APPPATH\Controllers\Web\Dashboard.php(684): CodeIgniter\Debug\Exceptions->errorHandler(2, 'A non-numeric value encountered', 'APPPATH\\Controllers\\Web\\Dashboard.php', 684, [...])
 2 SYSTEMPATH\CodeIgniter.php(904): App\Controllers\Web\Dashboard->pack_data_view()
 3 SYSTEMPATH\CodeIgniter.php(457): CodeIgniter\CodeIgniter->runController(Object(App\Controllers\Web\Dashboard))
 4 SYSTEMPATH\CodeIgniter.php(340): CodeIgniter\CodeIgniter->handleRequest(null, Object(Config\Cache), false)
 5 FCPATH\index.php(67): CodeIgniter\CodeIgniter->run()
CRITICAL - 2023-03-11 05:56:40 --> A non-numeric value encountered
in APPPATH\Controllers\Web\Dashboard.php on line 684.
 1 APPPATH\Controllers\Web\Dashboard.php(684): CodeIgniter\Debug\Exceptions->errorHandler(2, 'A non-numeric value encountered', 'APPPATH\\Controllers\\Web\\Dashboard.php', 684, [...])
 2 SYSTEMPATH\CodeIgniter.php(904): App\Controllers\Web\Dashboard->pack_data_view()
 3 SYSTEMPATH\CodeIgniter.php(457): CodeIgniter\CodeIgniter->runController(Object(App\Controllers\Web\Dashboard))
 4 SYSTEMPATH\CodeIgniter.php(340): CodeIgniter\CodeIgniter->handleRequest(null, Object(Config\Cache), false)
 5 FCPATH\index.php(67): CodeIgniter\CodeIgniter->run()
CRITICAL - 2023-03-11 05:57:21 --> A non-numeric value encountered
in APPPATH\Controllers\Web\Dashboard.php on line 684.
 1 APPPATH\Controllers\Web\Dashboard.php(684): CodeIgniter\Debug\Exceptions->errorHandler(2, 'A non-numeric value encountered', 'APPPATH\\Controllers\\Web\\Dashboard.php', 684, [...])
 2 SYSTEMPATH\CodeIgniter.php(904): App\Controllers\Web\Dashboard->pack_data_view()
 3 SYSTEMPATH\CodeIgniter.php(457): CodeIgniter\CodeIgniter->runController(Object(App\Controllers\Web\Dashboard))
 4 SYSTEMPATH\CodeIgniter.php(340): CodeIgniter\CodeIgniter->handleRequest(null, Object(Config\Cache), false)
 5 FCPATH\index.php(67): CodeIgniter\CodeIgniter->run()
CRITICAL - 2023-03-11 05:57:24 --> A non-numeric value encountered
in APPPATH\Controllers\Web\Dashboard.php on line 684.
 1 APPPATH\Controllers\Web\Dashboard.php(684): CodeIgniter\Debug\Exceptions->errorHandler(2, 'A non-numeric value encountered', 'APPPATH\\Controllers\\Web\\Dashboard.php', 684, [...])
 2 SYSTEMPATH\CodeIgniter.php(904): App\Controllers\Web\Dashboard->pack_data_view()
 3 SYSTEMPATH\CodeIgniter.php(457): CodeIgniter\CodeIgniter->runController(Object(App\Controllers\Web\Dashboard))
 4 SYSTEMPATH\CodeIgniter.php(340): CodeIgniter\CodeIgniter->handleRequest(null, Object(Config\Cache), false)
 5 FCPATH\index.php(67): CodeIgniter\CodeIgniter->run()
CRITICAL - 2023-03-11 05:57:45 --> A non-numeric value encountered
in APPPATH\Controllers\Web\Dashboard.php on line 684.
 1 APPPATH\Controllers\Web\Dashboard.php(684): CodeIgniter\Debug\Exceptions->errorHandler(2, 'A non-numeric value encountered', 'APPPATH\\Controllers\\Web\\Dashboard.php', 684, [...])
 2 SYSTEMPATH\CodeIgniter.php(904): App\Controllers\Web\Dashboard->pack_data_view()
 3 SYSTEMPATH\CodeIgniter.php(457): CodeIgniter\CodeIgniter->runController(Object(App\Controllers\Web\Dashboard))
 4 SYSTEMPATH\CodeIgniter.php(340): CodeIgniter\CodeIgniter->handleRequest(null, Object(Config\Cache), false)
 5 FCPATH\index.php(67): CodeIgniter\CodeIgniter->run()
CRITICAL - 2023-03-11 05:57:51 --> A non-numeric value encountered
in APPPATH\Controllers\Web\Dashboard.php on line 684.
 1 APPPATH\Controllers\Web\Dashboard.php(684): CodeIgniter\Debug\Exceptions->errorHandler(2, 'A non-numeric value encountered', 'APPPATH\\Controllers\\Web\\Dashboard.php', 684, [...])
 2 SYSTEMPATH\CodeIgniter.php(904): App\Controllers\Web\Dashboard->pack_data_view()
 3 SYSTEMPATH\CodeIgniter.php(457): CodeIgniter\CodeIgniter->runController(Object(App\Controllers\Web\Dashboard))
 4 SYSTEMPATH\CodeIgniter.php(340): CodeIgniter\CodeIgniter->handleRequest(null, Object(Config\Cache), false)
 5 FCPATH\index.php(67): CodeIgniter\CodeIgniter->run()
ERROR - 2023-03-11 22:23:44 --> mysqli_sql_exception: Cannot add or update a child row: a foreign key constraint fails (`shohozhishab_web`.`orders`, CONSTRAINT `orders_ibfk_1` FOREIGN KEY (`package_id`) REFERENCES `packages` (`package_id`) ON UPDATE CASCADE) in C:\xampp\htdocs\test\shohozhisab\system\Database\MySQLi\Connection.php:292
Stack trace:
#0 C:\xampp\htdocs\test\shohozhisab\system\Database\MySQLi\Connection.php(292): mysqli->query('INSERT INTO `or...', 0)
#1 C:\xampp\htdocs\test\shohozhisab\system\Database\BaseConnection.php(693): CodeIgniter\Database\MySQLi\Connection->execute('INSERT INTO `or...')
#2 C:\xampp\htdocs\test\shohozhisab\system\Database\BaseConnection.php(620): CodeIgniter\Database\BaseConnection->simpleQuery('INSERT INTO `or...')
#3 C:\xampp\htdocs\test\shohozhisab\system\Database\BaseBuilder.php(1916): CodeIgniter\Database\BaseConnection->query('INSERT INTO `or...', Array, false)
#4 C:\xampp\htdocs\test\shohozhisab\app\Controllers\Web\Dashboard.php(861): CodeIgniter\Database\BaseBuilder->insert(Array)
#5 C:\xampp\htdocs\test\shohozhisab\system\CodeIgniter.php(904): App\Controllers\Web\Dashboard->package_change_action()
#6 C:\xampp\htdocs\test\shohozhisab\system\CodeIgniter.php(457): CodeIgniter\CodeIgniter->runController(Object(App\Controllers\Web\Dashboard))
#7 C:\xampp\htdocs\test\shohozhisab\system\CodeIgniter.php(340): CodeIgniter\CodeIgniter->handleRequest(NULL, Object(Config\Cache), false)
#8 C:\xampp\htdocs\test\shohozhisab\public_html\index.php(67): CodeIgniter\CodeIgniter->run()
#9 {main}
ERROR - 2023-03-11 22:25:14 --> mysqli_sql_exception: Cannot add or update a child row: a foreign key constraint fails (`shohozhishab_web`.`orders`, CONSTRAINT `orders_ibfk_1` FOREIGN KEY (`package_id`) REFERENCES `packages` (`package_id`) ON UPDATE CASCADE) in C:\xampp\htdocs\test\shohozhisab\system\Database\MySQLi\Connection.php:292
Stack trace:
#0 C:\xampp\htdocs\test\shohozhisab\system\Database\MySQLi\Connection.php(292): mysqli->query('INSERT INTO `or...', 0)
#1 C:\xampp\htdocs\test\shohozhisab\system\Database\BaseConnection.php(693): CodeIgniter\Database\MySQLi\Connection->execute('INSERT INTO `or...')
#2 C:\xampp\htdocs\test\shohozhisab\system\Database\BaseConnection.php(620): CodeIgniter\Database\BaseConnection->simpleQuery('INSERT INTO `or...')
#3 C:\xampp\htdocs\test\shohozhisab\system\Database\BaseBuilder.php(1916): CodeIgniter\Database\BaseConnection->query('INSERT INTO `or...', Array, false)
#4 C:\xampp\htdocs\test\shohozhisab\app\Controllers\Web\Dashboard.php(861): CodeIgniter\Database\BaseBuilder->insert(Array)
#5 C:\xampp\htdocs\test\shohozhisab\system\CodeIgniter.php(904): App\Controllers\Web\Dashboard->package_change_action()
#6 C:\xampp\htdocs\test\shohozhisab\system\CodeIgniter.php(457): CodeIgniter\CodeIgniter->runController(Object(App\Controllers\Web\Dashboard))
#7 C:\xampp\htdocs\test\shohozhisab\system\CodeIgniter.php(340): CodeIgniter\CodeIgniter->handleRequest(NULL, Object(Config\Cache), false)
#8 C:\xampp\htdocs\test\shohozhisab\public_html\index.php(67): CodeIgniter\CodeIgniter->run()
#9 {main}
ERROR - 2023-03-11 22:26:00 --> mysqli_sql_exception: Cannot add or update a child row: a foreign key constraint fails (`shohozhishab_web`.`orders`, CONSTRAINT `orders_ibfk_1` FOREIGN KEY (`package_id`) REFERENCES `packages` (`package_id`) ON UPDATE CASCADE) in C:\xampp\htdocs\test\shohozhisab\system\Database\MySQLi\Connection.php:292
Stack trace:
#0 C:\xampp\htdocs\test\shohozhisab\system\Database\MySQLi\Connection.php(292): mysqli->query('INSERT INTO `or...', 0)
#1 C:\xampp\htdocs\test\shohozhisab\system\Database\BaseConnection.php(693): CodeIgniter\Database\MySQLi\Connection->execute('INSERT INTO `or...')
#2 C:\xampp\htdocs\test\shohozhisab\system\Database\BaseConnection.php(620): CodeIgniter\Database\BaseConnection->simpleQuery('INSERT INTO `or...')
#3 C:\xampp\htdocs\test\shohozhisab\system\Database\BaseBuilder.php(1916): CodeIgniter\Database\BaseConnection->query('INSERT INTO `or...', Array, false)
#4 C:\xampp\htdocs\test\shohozhisab\app\Controllers\Web\Dashboard.php(861): CodeIgniter\Database\BaseBuilder->insert(Array)
#5 C:\xampp\htdocs\test\shohozhisab\system\CodeIgniter.php(904): App\Controllers\Web\Dashboard->package_change_action()
#6 C:\xampp\htdocs\test\shohozhisab\system\CodeIgniter.php(457): CodeIgniter\CodeIgniter->runController(Object(App\Controllers\Web\Dashboard))
#7 C:\xampp\htdocs\test\shohozhisab\system\CodeIgniter.php(340): CodeIgniter\CodeIgniter->handleRequest(NULL, Object(Config\Cache), false)
#8 C:\xampp\htdocs\test\shohozhisab\public_html\index.php(67): CodeIgniter\CodeIgniter->run()
#9 {main}
ERROR - 2023-03-11 22:26:26 --> mysqli_sql_exception: Cannot add or update a child row: a foreign key constraint fails (`shohozhishab_web`.`orders`, CONSTRAINT `orders_ibfk_1` FOREIGN KEY (`package_id`) REFERENCES `packages` (`package_id`) ON UPDATE CASCADE) in C:\xampp\htdocs\test\shohozhisab\system\Database\MySQLi\Connection.php:292
Stack trace:
#0 C:\xampp\htdocs\test\shohozhisab\system\Database\MySQLi\Connection.php(292): mysqli->query('INSERT INTO `or...', 0)
#1 C:\xampp\htdocs\test\shohozhisab\system\Database\BaseConnection.php(693): CodeIgniter\Database\MySQLi\Connection->execute('INSERT INTO `or...')
#2 C:\xampp\htdocs\test\shohozhisab\system\Database\BaseConnection.php(620): CodeIgniter\Database\BaseConnection->simpleQuery('INSERT INTO `or...')
#3 C:\xampp\htdocs\test\shohozhisab\system\Database\BaseBuilder.php(1916): CodeIgniter\Database\BaseConnection->query('INSERT INTO `or...', Array, false)
#4 C:\xampp\htdocs\test\shohozhisab\app\Controllers\Web\Dashboard.php(861): CodeIgniter\Database\BaseBuilder->insert(Array)
#5 C:\xampp\htdocs\test\shohozhisab\system\CodeIgniter.php(904): App\Controllers\Web\Dashboard->package_change_action()
#6 C:\xampp\htdocs\test\shohozhisab\system\CodeIgniter.php(457): CodeIgniter\CodeIgniter->runController(Object(App\Controllers\Web\Dashboard))
#7 C:\xampp\htdocs\test\shohozhisab\system\CodeIgniter.php(340): CodeIgniter\CodeIgniter->handleRequest(NULL, Object(Config\Cache), false)
#8 C:\xampp\htdocs\test\shohozhisab\public_html\index.php(67): CodeIgniter\CodeIgniter->run()
#9 {main}
