CRITICAL - 2023-01-02 22:46:57 --> Too few arguments to function CodeIgniter\Validation\Validation::showError(), 0 passed in C:\xampp\htdocs\test\shohozhisab\app\Controllers\Login.php on line 122 and at least 1 expected
in SYSTEMPATH\Validation\Validation.php on line 524.
 1 APPPATH\Controllers\Login.php(122): CodeIgniter\Validation\Validation->showError()
 2 SYSTEMPATH\CodeIgniter.php(904): App\Controllers\Login->register_action()
 3 SYSTEMPATH\CodeIgniter.php(457): CodeIgniter\CodeIgniter->runController(Object(App\Controllers\Login))
 4 SYSTEMPATH\CodeIgniter.php(340): CodeIgniter\CodeIgniter->handleRequest(null, Object(Config\Cache), false)
 5 FCPATH\index.php(67): CodeIgniter\CodeIgniter->run()
ERROR - 2023-01-02 22:57:42 --> mysqli_sql_exception: Unknown column 'phone' in 'field list' in C:\xampp\htdocs\test\shohozhisab\system\Database\MySQLi\Connection.php:292
Stack trace:
#0 C:\xampp\htdocs\test\shohozhisab\system\Database\MySQLi\Connection.php(292): mysqli->query('INSERT INTO `us...', 0)
#1 C:\xampp\htdocs\test\shohozhisab\system\Database\BaseConnection.php(693): CodeIgniter\Database\MySQLi\Connection->execute('INSERT INTO `us...')
#2 C:\xampp\htdocs\test\shohozhisab\system\Database\BaseConnection.php(620): CodeIgniter\Database\BaseConnection->simpleQuery('INSERT INTO `us...')
#3 C:\xampp\htdocs\test\shohozhisab\system\Database\BaseBuilder.php(1916): CodeIgniter\Database\BaseConnection->query('INSERT INTO `us...', Array, false)
#4 C:\xampp\htdocs\test\shohozhisab\app\Controllers\Login.php(131): CodeIgniter\Database\BaseBuilder->insert(Array)
#5 C:\xampp\htdocs\test\shohozhisab\system\CodeIgniter.php(904): App\Controllers\Login->register_action()
#6 C:\xampp\htdocs\test\shohozhisab\system\CodeIgniter.php(457): CodeIgniter\CodeIgniter->runController(Object(App\Controllers\Login))
#7 C:\xampp\htdocs\test\shohozhisab\system\CodeIgniter.php(340): CodeIgniter\CodeIgniter->handleRequest(NULL, Object(Config\Cache), false)
#8 C:\xampp\htdocs\test\shohozhisab\public\index.php(67): CodeIgniter\CodeIgniter->run()
#9 {main}
ERROR - 2023-01-02 22:58:57 --> mysqli_sql_exception: Unknown column 'phone' in 'field list' in C:\xampp\htdocs\test\shohozhisab\system\Database\MySQLi\Connection.php:292
Stack trace:
#0 C:\xampp\htdocs\test\shohozhisab\system\Database\MySQLi\Connection.php(292): mysqli->query('INSERT INTO `us...', 0)
#1 C:\xampp\htdocs\test\shohozhisab\system\Database\BaseConnection.php(693): CodeIgniter\Database\MySQLi\Connection->execute('INSERT INTO `us...')
#2 C:\xampp\htdocs\test\shohozhisab\system\Database\BaseConnection.php(620): CodeIgniter\Database\BaseConnection->simpleQuery('INSERT INTO `us...')
#3 C:\xampp\htdocs\test\shohozhisab\system\Database\BaseBuilder.php(1916): CodeIgniter\Database\BaseConnection->query('INSERT INTO `us...', Array, false)
#4 C:\xampp\htdocs\test\shohozhisab\app\Controllers\Login.php(131): CodeIgniter\Database\BaseBuilder->insert(Array)
#5 C:\xampp\htdocs\test\shohozhisab\system\CodeIgniter.php(904): App\Controllers\Login->register_action()
#6 C:\xampp\htdocs\test\shohozhisab\system\CodeIgniter.php(457): CodeIgniter\CodeIgniter->runController(Object(App\Controllers\Login))
#7 C:\xampp\htdocs\test\shohozhisab\system\CodeIgniter.php(340): CodeIgniter\CodeIgniter->handleRequest(NULL, Object(Config\Cache), false)
#8 C:\xampp\htdocs\test\shohozhisab\public\index.php(67): CodeIgniter\CodeIgniter->run()
#9 {main}
ERROR - 2023-01-02 22:59:22 --> mysqli_sql_exception: Unknown column 'phone' in 'field list' in C:\xampp\htdocs\test\shohozhisab\system\Database\MySQLi\Connection.php:292
Stack trace:
#0 C:\xampp\htdocs\test\shohozhisab\system\Database\MySQLi\Connection.php(292): mysqli->query('INSERT INTO `us...', 0)
#1 C:\xampp\htdocs\test\shohozhisab\system\Database\BaseConnection.php(693): CodeIgniter\Database\MySQLi\Connection->execute('INSERT INTO `us...')
#2 C:\xampp\htdocs\test\shohozhisab\system\Database\BaseConnection.php(620): CodeIgniter\Database\BaseConnection->simpleQuery('INSERT INTO `us...')
#3 C:\xampp\htdocs\test\shohozhisab\system\Database\BaseBuilder.php(1916): CodeIgniter\Database\BaseConnection->query('INSERT INTO `us...', Array, false)
#4 C:\xampp\htdocs\test\shohozhisab\app\Controllers\Login.php(131): CodeIgniter\Database\BaseBuilder->insert(Array)
#5 C:\xampp\htdocs\test\shohozhisab\system\CodeIgniter.php(904): App\Controllers\Login->register_action()
#6 C:\xampp\htdocs\test\shohozhisab\system\CodeIgniter.php(457): CodeIgniter\CodeIgniter->runController(Object(App\Controllers\Login))
#7 C:\xampp\htdocs\test\shohozhisab\system\CodeIgniter.php(340): CodeIgniter\CodeIgniter->handleRequest(NULL, Object(Config\Cache), false)
#8 C:\xampp\htdocs\test\shohozhisab\public\index.php(67): CodeIgniter\CodeIgniter->run()
#9 {main}
