ERROR - 2023-02-04 06:36:14 --> mysqli_sql_exception: Duplicate entry '1' for key 'PRIMARY' in C:\xampp\htdocs\test\shohozhisab\system\Database\MySQLi\Connection.php:292
Stack trace:
#0 C:\xampp\htdocs\test\shohozhisab\system\Database\MySQLi\Connection.php(292): mysqli->query('INSERT INTO `cu...', 0)
#1 C:\xampp\htdocs\test\shohozhisab\system\Database\BaseConnection.php(693): CodeIgniter\Database\MySQLi\Connection->execute('INSERT INTO `cu...')
#2 C:\xampp\htdocs\test\shohozhisab\system\Database\BaseConnection.php(620): CodeIgniter\Database\BaseConnection->simpleQuery('INSERT INTO `cu...')
#3 C:\xampp\htdocs\test\shohozhisab\system\Database\BaseBuilder.php(1916): CodeIgniter\Database\BaseConnection->query('INSERT INTO `cu...', Array, false)
#4 C:\xampp\htdocs\test\shohozhisab\app\Controllers\Web\Dashboard.php(163): CodeIgniter\Database\BaseBuilder->insert(Array)
#5 C:\xampp\htdocs\test\shohozhisab\system\CodeIgniter.php(904): App\Controllers\Web\Dashboard->profile_update()
#6 C:\xampp\htdocs\test\shohozhisab\system\CodeIgniter.php(457): CodeIgniter\CodeIgniter->runController(Object(App\Controllers\Web\Dashboard))
#7 C:\xampp\htdocs\test\shohozhisab\system\CodeIgniter.php(340): CodeIgniter\CodeIgniter->handleRequest(NULL, Object(Config\Cache), false)
#8 C:\xampp\htdocs\test\shohozhisab\public\index.php(67): CodeIgniter\CodeIgniter->run()
#9 {main}
ERROR - 2023-02-04 06:36:39 --> mysqli_sql_exception: Duplicate entry '1' for key 'PRIMARY' in C:\xampp\htdocs\test\shohozhisab\system\Database\MySQLi\Connection.php:292
Stack trace:
#0 C:\xampp\htdocs\test\shohozhisab\system\Database\MySQLi\Connection.php(292): mysqli->query('INSERT INTO `cu...', 0)
#1 C:\xampp\htdocs\test\shohozhisab\system\Database\BaseConnection.php(693): CodeIgniter\Database\MySQLi\Connection->execute('INSERT INTO `cu...')
#2 C:\xampp\htdocs\test\shohozhisab\system\Database\BaseConnection.php(620): CodeIgniter\Database\BaseConnection->simpleQuery('INSERT INTO `cu...')
#3 C:\xampp\htdocs\test\shohozhisab\system\Database\BaseBuilder.php(1916): CodeIgniter\Database\BaseConnection->query('INSERT INTO `cu...', Array, false)
#4 C:\xampp\htdocs\test\shohozhisab\app\Controllers\Web\Dashboard.php(163): CodeIgniter\Database\BaseBuilder->insert(Array)
#5 C:\xampp\htdocs\test\shohozhisab\system\CodeIgniter.php(904): App\Controllers\Web\Dashboard->profile_update()
#6 C:\xampp\htdocs\test\shohozhisab\system\CodeIgniter.php(457): CodeIgniter\CodeIgniter->runController(Object(App\Controllers\Web\Dashboard))
#7 C:\xampp\htdocs\test\shohozhisab\system\CodeIgniter.php(340): CodeIgniter\CodeIgniter->handleRequest(NULL, Object(Config\Cache), false)
#8 C:\xampp\htdocs\test\shohozhisab\public\index.php(67): CodeIgniter\CodeIgniter->run()
#9 {main}
ERROR - 2023-02-04 06:36:42 --> mysqli_sql_exception: Duplicate entry '1' for key 'PRIMARY' in C:\xampp\htdocs\test\shohozhisab\system\Database\MySQLi\Connection.php:292
Stack trace:
#0 C:\xampp\htdocs\test\shohozhisab\system\Database\MySQLi\Connection.php(292): mysqli->query('INSERT INTO `cu...', 0)
#1 C:\xampp\htdocs\test\shohozhisab\system\Database\BaseConnection.php(693): CodeIgniter\Database\MySQLi\Connection->execute('INSERT INTO `cu...')
#2 C:\xampp\htdocs\test\shohozhisab\system\Database\BaseConnection.php(620): CodeIgniter\Database\BaseConnection->simpleQuery('INSERT INTO `cu...')
#3 C:\xampp\htdocs\test\shohozhisab\system\Database\BaseBuilder.php(1916): CodeIgniter\Database\BaseConnection->query('INSERT INTO `cu...', Array, false)
#4 C:\xampp\htdocs\test\shohozhisab\app\Controllers\Web\Dashboard.php(163): CodeIgniter\Database\BaseBuilder->insert(Array)
#5 C:\xampp\htdocs\test\shohozhisab\system\CodeIgniter.php(904): App\Controllers\Web\Dashboard->profile_update()
#6 C:\xampp\htdocs\test\shohozhisab\system\CodeIgniter.php(457): CodeIgniter\CodeIgniter->runController(Object(App\Controllers\Web\Dashboard))
#7 C:\xampp\htdocs\test\shohozhisab\system\CodeIgniter.php(340): CodeIgniter\CodeIgniter->handleRequest(NULL, Object(Config\Cache), false)
#8 C:\xampp\htdocs\test\shohozhisab\public\index.php(67): CodeIgniter\CodeIgniter->run()
#9 {main}
ERROR - 2023-02-04 06:37:03 --> mysqli_sql_exception: Duplicate entry '1' for key 'PRIMARY' in C:\xampp\htdocs\test\shohozhisab\system\Database\MySQLi\Connection.php:292
Stack trace:
#0 C:\xampp\htdocs\test\shohozhisab\system\Database\MySQLi\Connection.php(292): mysqli->query('INSERT INTO `cu...', 0)
#1 C:\xampp\htdocs\test\shohozhisab\system\Database\BaseConnection.php(693): CodeIgniter\Database\MySQLi\Connection->execute('INSERT INTO `cu...')
#2 C:\xampp\htdocs\test\shohozhisab\system\Database\BaseConnection.php(620): CodeIgniter\Database\BaseConnection->simpleQuery('INSERT INTO `cu...')
#3 C:\xampp\htdocs\test\shohozhisab\system\Database\BaseBuilder.php(1916): CodeIgniter\Database\BaseConnection->query('INSERT INTO `cu...', Array, false)
#4 C:\xampp\htdocs\test\shohozhisab\app\Controllers\Web\Dashboard.php(162): CodeIgniter\Database\BaseBuilder->insert(Array)
#5 C:\xampp\htdocs\test\shohozhisab\system\CodeIgniter.php(904): App\Controllers\Web\Dashboard->profile_update()
#6 C:\xampp\htdocs\test\shohozhisab\system\CodeIgniter.php(457): CodeIgniter\CodeIgniter->runController(Object(App\Controllers\Web\Dashboard))
#7 C:\xampp\htdocs\test\shohozhisab\system\CodeIgniter.php(340): CodeIgniter\CodeIgniter->handleRequest(NULL, Object(Config\Cache), false)
#8 C:\xampp\htdocs\test\shohozhisab\public\index.php(67): CodeIgniter\CodeIgniter->run()
#9 {main}
ERROR - 2023-02-04 06:37:07 --> mysqli_sql_exception: Duplicate entry '1' for key 'PRIMARY' in C:\xampp\htdocs\test\shohozhisab\system\Database\MySQLi\Connection.php:292
Stack trace:
#0 C:\xampp\htdocs\test\shohozhisab\system\Database\MySQLi\Connection.php(292): mysqli->query('INSERT INTO `cu...', 0)
#1 C:\xampp\htdocs\test\shohozhisab\system\Database\BaseConnection.php(693): CodeIgniter\Database\MySQLi\Connection->execute('INSERT INTO `cu...')
#2 C:\xampp\htdocs\test\shohozhisab\system\Database\BaseConnection.php(620): CodeIgniter\Database\BaseConnection->simpleQuery('INSERT INTO `cu...')
#3 C:\xampp\htdocs\test\shohozhisab\system\Database\BaseBuilder.php(1916): CodeIgniter\Database\BaseConnection->query('INSERT INTO `cu...', Array, false)
#4 C:\xampp\htdocs\test\shohozhisab\app\Controllers\Web\Dashboard.php(162): CodeIgniter\Database\BaseBuilder->insert(Array)
#5 C:\xampp\htdocs\test\shohozhisab\system\CodeIgniter.php(904): App\Controllers\Web\Dashboard->profile_update()
#6 C:\xampp\htdocs\test\shohozhisab\system\CodeIgniter.php(457): CodeIgniter\CodeIgniter->runController(Object(App\Controllers\Web\Dashboard))
#7 C:\xampp\htdocs\test\shohozhisab\system\CodeIgniter.php(340): CodeIgniter\CodeIgniter->handleRequest(NULL, Object(Config\Cache), false)
#8 C:\xampp\htdocs\test\shohozhisab\public\index.php(67): CodeIgniter\CodeIgniter->run()
#9 {main}
ERROR - 2023-02-04 06:37:45 --> mysqli_sql_exception: Duplicate entry '1' for key 'PRIMARY' in C:\xampp\htdocs\test\shohozhisab\system\Database\MySQLi\Connection.php:292
Stack trace:
#0 C:\xampp\htdocs\test\shohozhisab\system\Database\MySQLi\Connection.php(292): mysqli->query('INSERT INTO `cu...', 0)
#1 C:\xampp\htdocs\test\shohozhisab\system\Database\BaseConnection.php(693): CodeIgniter\Database\MySQLi\Connection->execute('INSERT INTO `cu...')
#2 C:\xampp\htdocs\test\shohozhisab\system\Database\BaseConnection.php(620): CodeIgniter\Database\BaseConnection->simpleQuery('INSERT INTO `cu...')
#3 C:\xampp\htdocs\test\shohozhisab\system\Database\BaseBuilder.php(1916): CodeIgniter\Database\BaseConnection->query('INSERT INTO `cu...', Array, false)
#4 C:\xampp\htdocs\test\shohozhisab\app\Controllers\Web\Dashboard.php(162): CodeIgniter\Database\BaseBuilder->insert(Array)
#5 C:\xampp\htdocs\test\shohozhisab\system\CodeIgniter.php(904): App\Controllers\Web\Dashboard->profile_update()
#6 C:\xampp\htdocs\test\shohozhisab\system\CodeIgniter.php(457): CodeIgniter\CodeIgniter->runController(Object(App\Controllers\Web\Dashboard))
#7 C:\xampp\htdocs\test\shohozhisab\system\CodeIgniter.php(340): CodeIgniter\CodeIgniter->handleRequest(NULL, Object(Config\Cache), false)
#8 C:\xampp\htdocs\test\shohozhisab\public\index.php(67): CodeIgniter\CodeIgniter->run()
#9 {main}
ERROR - 2023-02-04 07:04:46 --> mysqli_sql_exception: Unknown column 'con_password' in 'field list' in C:\xampp\htdocs\test\shohozhisab\system\Database\MySQLi\Connection.php:292
Stack trace:
#0 C:\xampp\htdocs\test\shohozhisab\system\Database\MySQLi\Connection.php(292): mysqli->query('UPDATE `custome...', 0)
#1 C:\xampp\htdocs\test\shohozhisab\system\Database\BaseConnection.php(693): CodeIgniter\Database\MySQLi\Connection->execute('UPDATE `custome...')
#2 C:\xampp\htdocs\test\shohozhisab\system\Database\BaseConnection.php(620): CodeIgniter\Database\BaseConnection->simpleQuery('UPDATE `custome...')
#3 C:\xampp\htdocs\test\shohozhisab\system\Database\BaseBuilder.php(2078): CodeIgniter\Database\BaseConnection->query('UPDATE `custome...', Array, false)
#4 C:\xampp\htdocs\test\shohozhisab\app\Controllers\Web\Dashboard.php(160): CodeIgniter\Database\BaseBuilder->update(Array)
#5 C:\xampp\htdocs\test\shohozhisab\system\CodeIgniter.php(904): App\Controllers\Web\Dashboard->password_update()
#6 C:\xampp\htdocs\test\shohozhisab\system\CodeIgniter.php(457): CodeIgniter\CodeIgniter->runController(Object(App\Controllers\Web\Dashboard))
#7 C:\xampp\htdocs\test\shohozhisab\system\CodeIgniter.php(340): CodeIgniter\CodeIgniter->handleRequest(NULL, Object(Config\Cache), false)
#8 C:\xampp\htdocs\test\shohozhisab\public\index.php(67): CodeIgniter\CodeIgniter->run()
#9 {main}
ERROR - 2023-02-04 07:14:25 --> mysqli_sql_exception: Table 'shohozhishab_web.shops' doesn't exist in C:\xampp\htdocs\test\shohozhisab\system\Database\MySQLi\Connection.php:292
Stack trace:
#0 C:\xampp\htdocs\test\shohozhisab\system\Database\MySQLi\Connection.php(292): mysqli->query('SELECT *\nFROM `...', 0)
#1 C:\xampp\htdocs\test\shohozhisab\system\Database\BaseConnection.php(693): CodeIgniter\Database\MySQLi\Connection->execute('SELECT *\nFROM `...')
#2 C:\xampp\htdocs\test\shohozhisab\system\Database\BaseConnection.php(620): CodeIgniter\Database\BaseConnection->simpleQuery('SELECT *\nFROM `...')
#3 C:\xampp\htdocs\test\shohozhisab\system\Database\BaseBuilder.php(1585): CodeIgniter\Database\BaseConnection->query('SELECT *\nFROM `...', Array, false)
#4 C:\xampp\htdocs\test\shohozhisab\app\Controllers\Web\Dashboard.php(175): CodeIgniter\Database\BaseBuilder->get()
#5 C:\xampp\htdocs\test\shohozhisab\system\CodeIgniter.php(904): App\Controllers\Web\Dashboard->shop_create()
#6 C:\xampp\htdocs\test\shohozhisab\system\CodeIgniter.php(457): CodeIgniter\CodeIgniter->runController(Object(App\Controllers\Web\Dashboard))
#7 C:\xampp\htdocs\test\shohozhisab\system\CodeIgniter.php(340): CodeIgniter\CodeIgniter->handleRequest(NULL, Object(Config\Cache), false)
#8 C:\xampp\htdocs\test\shohozhisab\public\index.php(67): CodeIgniter\CodeIgniter->run()
#9 {main}
CRITICAL - 2023-02-04 07:14:25 --> Call to a member function getResult() on bool
in APPPATH\Controllers\Web\Dashboard.php on line 175.
 1 SYSTEMPATH\CodeIgniter.php(904): App\Controllers\Web\Dashboard->shop_create()
 2 SYSTEMPATH\CodeIgniter.php(457): CodeIgniter\CodeIgniter->runController(Object(App\Controllers\Web\Dashboard))
 3 SYSTEMPATH\CodeIgniter.php(340): CodeIgniter\CodeIgniter->handleRequest(null, Object(Config\Cache), false)
 4 FCPATH\index.php(67): CodeIgniter\CodeIgniter->run()
ERROR - 2023-02-04 08:39:35 --> mysqli_sql_exception: Unknown column 'con_password' in 'field list' in C:\xampp\htdocs\test\shohozhisab\system\Database\MySQLi\Connection.php:292
Stack trace:
#0 C:\xampp\htdocs\test\shohozhisab\system\Database\MySQLi\Connection.php(292): mysqli->query('INSERT INTO `sh...', 0)
#1 C:\xampp\htdocs\test\shohozhisab\system\Database\BaseConnection.php(693): CodeIgniter\Database\MySQLi\Connection->execute('INSERT INTO `sh...')
#2 C:\xampp\htdocs\test\shohozhisab\system\Database\BaseConnection.php(620): CodeIgniter\Database\BaseConnection->simpleQuery('INSERT INTO `sh...')
#3 C:\xampp\htdocs\test\shohozhisab\system\Database\BaseBuilder.php(1916): CodeIgniter\Database\BaseConnection->query('INSERT INTO `sh...', Array, false)
#4 C:\xampp\htdocs\test\shohozhisab\app\Controllers\Web\Dashboard.php(205): CodeIgniter\Database\BaseBuilder->insert(Array)
#5 C:\xampp\htdocs\test\shohozhisab\system\CodeIgniter.php(904): App\Controllers\Web\Dashboard->shop_create_action()
#6 C:\xampp\htdocs\test\shohozhisab\system\CodeIgniter.php(457): CodeIgniter\CodeIgniter->runController(Object(App\Controllers\Web\Dashboard))
#7 C:\xampp\htdocs\test\shohozhisab\system\CodeIgniter.php(340): CodeIgniter\CodeIgniter->handleRequest(NULL, Object(Config\Cache), false)
#8 C:\xampp\htdocs\test\shohozhisab\public\index.php(67): CodeIgniter\CodeIgniter->run()
#9 {main}
ERROR - 2023-02-04 08:41:41 --> mysqli_sql_exception: Unknown column 'con_password' in 'field list' in C:\xampp\htdocs\test\shohozhisab\system\Database\MySQLi\Connection.php:292
Stack trace:
#0 C:\xampp\htdocs\test\shohozhisab\system\Database\MySQLi\Connection.php(292): mysqli->query('INSERT INTO `sh...', 0)
#1 C:\xampp\htdocs\test\shohozhisab\system\Database\BaseConnection.php(693): CodeIgniter\Database\MySQLi\Connection->execute('INSERT INTO `sh...')
#2 C:\xampp\htdocs\test\shohozhisab\system\Database\BaseConnection.php(620): CodeIgniter\Database\BaseConnection->simpleQuery('INSERT INTO `sh...')
#3 C:\xampp\htdocs\test\shohozhisab\system\Database\BaseBuilder.php(1916): CodeIgniter\Database\BaseConnection->query('INSERT INTO `sh...', Array, false)
#4 C:\xampp\htdocs\test\shohozhisab\app\Controllers\Web\Dashboard.php(206): CodeIgniter\Database\BaseBuilder->insert(Array)
#5 C:\xampp\htdocs\test\shohozhisab\system\CodeIgniter.php(904): App\Controllers\Web\Dashboard->shop_create_action()
#6 C:\xampp\htdocs\test\shohozhisab\system\CodeIgniter.php(457): CodeIgniter\CodeIgniter->runController(Object(App\Controllers\Web\Dashboard))
#7 C:\xampp\htdocs\test\shohozhisab\system\CodeIgniter.php(340): CodeIgniter\CodeIgniter->handleRequest(NULL, Object(Config\Cache), false)
#8 C:\xampp\htdocs\test\shohozhisab\public\index.php(67): CodeIgniter\CodeIgniter->run()
#9 {main}
ERROR - 2023-02-04 08:42:22 --> mysqli_sql_exception: Unknown column 'con_password' in 'field list' in C:\xampp\htdocs\test\shohozhisab\system\Database\MySQLi\Connection.php:292
Stack trace:
#0 C:\xampp\htdocs\test\shohozhisab\system\Database\MySQLi\Connection.php(292): mysqli->query('INSERT INTO `sh...', 0)
#1 C:\xampp\htdocs\test\shohozhisab\system\Database\BaseConnection.php(693): CodeIgniter\Database\MySQLi\Connection->execute('INSERT INTO `sh...')
#2 C:\xampp\htdocs\test\shohozhisab\system\Database\BaseConnection.php(620): CodeIgniter\Database\BaseConnection->simpleQuery('INSERT INTO `sh...')
#3 C:\xampp\htdocs\test\shohozhisab\system\Database\BaseBuilder.php(1916): CodeIgniter\Database\BaseConnection->query('INSERT INTO `sh...', Array, false)
#4 C:\xampp\htdocs\test\shohozhisab\app\Controllers\Web\Dashboard.php(206): CodeIgniter\Database\BaseBuilder->insert(Array)
#5 C:\xampp\htdocs\test\shohozhisab\system\CodeIgniter.php(904): App\Controllers\Web\Dashboard->shop_create_action()
#6 C:\xampp\htdocs\test\shohozhisab\system\CodeIgniter.php(457): CodeIgniter\CodeIgniter->runController(Object(App\Controllers\Web\Dashboard))
#7 C:\xampp\htdocs\test\shohozhisab\system\CodeIgniter.php(340): CodeIgniter\CodeIgniter->handleRequest(NULL, Object(Config\Cache), false)
#8 C:\xampp\htdocs\test\shohozhisab\public\index.php(67): CodeIgniter\CodeIgniter->run()
#9 {main}
ERROR - 2023-02-04 22:08:16 --> Error connecting to the database: mysqli_sql_exception: No connection could be made because the target machine actively refused it.
 in C:\xampp\htdocs\test\shohozhisab\system\Database\MySQLi\Connection.php:171
Stack trace:
#0 C:\xampp\htdocs\test\shohozhisab\system\Database\MySQLi\Connection.php(171): mysqli->real_connect('localhost', 'root', '', 'shohozhishab_we...', 3306, '', 0)
#1 C:\xampp\htdocs\test\shohozhisab\system\Database\BaseConnection.php(382): CodeIgniter\Database\MySQLi\Connection->connect(false)
#2 C:\xampp\htdocs\test\shohozhisab\system\Database\BaseConnection.php(588): CodeIgniter\Database\BaseConnection->initialize()
#3 C:\xampp\htdocs\test\shohozhisab\system\Database\BaseBuilder.php(1585): CodeIgniter\Database\BaseConnection->query('SELECT *\nFROM `...', Array, false)
#4 C:\xampp\htdocs\test\shohozhisab\app\Controllers\Home.php(19): CodeIgniter\Database\BaseBuilder->get()
#5 C:\xampp\htdocs\test\shohozhisab\system\CodeIgniter.php(904): App\Controllers\Home->index()
#6 C:\xampp\htdocs\test\shohozhisab\system\CodeIgniter.php(457): CodeIgniter\CodeIgniter->runController(Object(App\Controllers\Home))
#7 C:\xampp\htdocs\test\shohozhisab\system\CodeIgniter.php(340): CodeIgniter\CodeIgniter->handleRequest(NULL, Object(Config\Cache), false)
#8 C:\xampp\htdocs\test\shohozhisab\public\index.php(67): CodeIgniter\CodeIgniter->run()
#9 {main}

Next CodeIgniter\Database\Exceptions\DatabaseException: No connection could be made because the target machine actively refused it.
 in C:\xampp\htdocs\test\shohozhisab\system\Database\MySQLi\Connection.php:215
Stack trace:
#0 C:\xampp\htdocs\test\shohozhisab\system\Database\BaseConnection.php(382): CodeIgniter\Database\MySQLi\Connection->connect(false)
#1 C:\xampp\htdocs\test\shohozhisab\system\Database\BaseConnection.php(588): CodeIgniter\Database\BaseConnection->initialize()
#2 C:\xampp\htdocs\test\shohozhisab\system\Database\BaseBuilder.php(1585): CodeIgniter\Database\BaseConnection->query('SELECT *\nFROM `...', Array, false)
#3 C:\xampp\htdocs\test\shohozhisab\app\Controllers\Home.php(19): CodeIgniter\Database\BaseBuilder->get()
#4 C:\xampp\htdocs\test\shohozhisab\system\CodeIgniter.php(904): App\Controllers\Home->index()
#5 C:\xampp\htdocs\test\shohozhisab\system\CodeIgniter.php(457): CodeIgniter\CodeIgniter->runController(Object(App\Controllers\Home))
#6 C:\xampp\htdocs\test\shohozhisab\system\CodeIgniter.php(340): CodeIgniter\CodeIgniter->handleRequest(NULL, Object(Config\Cache), false)
#7 C:\xampp\htdocs\test\shohozhisab\public\index.php(67): CodeIgniter\CodeIgniter->run()
#8 {main}
CRITICAL - 2023-02-04 22:08:16 --> Unable to connect to the database.
Main connection [MySQLi]: No connection could be made because the target machine actively refused it.

in SYSTEMPATH\Database\BaseConnection.php on line 418.
 1 SYSTEMPATH\Database\BaseConnection.php(588): CodeIgniter\Database\BaseConnection->initialize()
 2 SYSTEMPATH\Database\BaseBuilder.php(1585): CodeIgniter\Database\BaseConnection->query('SELECT *
FROM `packages`', [], false)
 3 APPPATH\Controllers\Home.php(19): CodeIgniter\Database\BaseBuilder->get()
 4 SYSTEMPATH\CodeIgniter.php(904): App\Controllers\Home->index()
 5 SYSTEMPATH\CodeIgniter.php(457): CodeIgniter\CodeIgniter->runController(Object(App\Controllers\Home))
 6 SYSTEMPATH\CodeIgniter.php(340): CodeIgniter\CodeIgniter->handleRequest(null, Object(Config\Cache), false)
 7 FCPATH\index.php(67): CodeIgniter\CodeIgniter->run()
