ERROR - 2023-01-26 08:14:09 --> Error connecting to the database: mysqli_sql_exception: Access denied for user 'root'@'localhost' (using password: NO) in /var/www/shohozhishab.web/system/Database/MySQLi/Connection.php:171
Stack trace:
#0 /var/www/shohozhishab.web/system/Database/MySQLi/Connection.php(171): mysqli->real_connect()
#1 /var/www/shohozhishab.web/system/Database/BaseConnection.php(382): CodeIgniter\Database\MySQLi\Connection->connect()
#2 /var/www/shohozhishab.web/system/Database/BaseConnection.php(588): CodeIgniter\Database\BaseConnection->initialize()
#3 /var/www/shohozhishab.web/system/Database/BaseBuilder.php(1585): CodeIgniter\Database\BaseConnection->query()
#4 /var/www/shohozhishab.web/app/Controllers/Home.php(19): CodeIgniter\Database\BaseBuilder->get()
#5 /var/www/shohozhishab.web/system/CodeIgniter.php(904): App\Controllers\Home->index()
#6 /var/www/shohozhishab.web/system/CodeIgniter.php(457): CodeIgniter\CodeIgniter->runController()
#7 /var/www/shohozhishab.web/system/CodeIgniter.php(340): CodeIgniter\CodeIgniter->handleRequest()
#8 /var/www/shohozhishab.web/public_html/index.php(67): CodeIgniter\CodeIgniter->run()
#9 {main}

Next CodeIgniter\Database\Exceptions\DatabaseException: Access denied for user '****'@'localhost' (using password: NO) in /var/www/shohozhishab.web/system/Database/MySQLi/Connection.php:215
Stack trace:
#0 /var/www/shohozhishab.web/system/Database/BaseConnection.php(382): CodeIgniter\Database\MySQLi\Connection->connect()
#1 /var/www/shohozhishab.web/system/Database/BaseConnection.php(588): CodeIgniter\Database\BaseConnection->initialize()
#2 /var/www/shohozhishab.web/system/Database/BaseBuilder.php(1585): CodeIgniter\Database\BaseConnection->query()
#3 /var/www/shohozhishab.web/app/Controllers/Home.php(19): CodeIgniter\Database\BaseBuilder->get()
#4 /var/www/shohozhishab.web/system/CodeIgniter.php(904): App\Controllers\Home->index()
#5 /var/www/shohozhishab.web/system/CodeIgniter.php(457): CodeIgniter\CodeIgniter->runController()
#6 /var/www/shohozhishab.web/system/CodeIgniter.php(340): CodeIgniter\CodeIgniter->handleRequest()
#7 /var/www/shohozhishab.web/public_html/index.php(67): CodeIgniter\CodeIgniter->run()
#8 {main}
CRITICAL - 2023-01-26 08:14:09 --> Unable to connect to the database.
Main connection [MySQLi]: Access denied for user '****'@'localhost' (using password: NO)
in SYSTEMPATH/Database/BaseConnection.php on line 418.
 1 SYSTEMPATH/Database/BaseConnection.php(588): CodeIgniter\Database\BaseConnection->initialize()
 2 SYSTEMPATH/Database/BaseBuilder.php(1585): CodeIgniter\Database\BaseConnection->query()
 3 APPPATH/Controllers/Home.php(19): CodeIgniter\Database\BaseBuilder->get()
 4 SYSTEMPATH/CodeIgniter.php(904): App\Controllers\Home->index()
 5 SYSTEMPATH/CodeIgniter.php(457): CodeIgniter\CodeIgniter->runController()
 6 SYSTEMPATH/CodeIgniter.php(340): CodeIgniter\CodeIgniter->handleRequest()
 7 FCPATH/index.php(67): CodeIgniter\CodeIgniter->run()
